============================= test session starts =============================
platform win32 -- Python 3.12.10, pytest-9.0.2, pluggy-1.6.0 -- C:\Users\luong\AppData\Local\Programs\Python\Python312\python.exe
cachedir: .pytest_cache
rootdir: H:\AI-ML-LLM in Stock_march26_PTIT_NEU
configfile: pyproject.toml
plugins: anyio-4.12.1, langsmith-0.7.22, asyncio-1.3.0
asyncio: mode=Mode.AUTO, debug=False, asyncio_default_fixture_loop_scope=None, asyncio_default_test_loop_scope=function
collecting ... collected 15 items

tests/test_signal_generator.py::TestUptrendSignal::test_buy_recommendation FAILED [  6%]
tests/test_signal_generator.py::TestUptrendSignal::test_buy_entry_zone PASSED [ 13%]
tests/test_signal_generator.py::TestUptrendSignal::test_buy_stop_loss FAILED [ 20%]
tests/test_signal_generator.py::TestUptrendSignal::test_buy_take_profit PASSED [ 26%]
tests/test_signal_generator.py::TestDowntrendSignal::test_sell_recommendation FAILED [ 33%]
tests/test_signal_generator.py::TestSidewaysSignal::test_range_trade_recommendation PASSED [ 40%]
tests/test_signal_generator.py::TestSidewaysSignal::test_range_trade_entry_zone PASSED [ 46%]
tests/test_signal_generator.py::TestRiskCapOverride::test_risk_cap_default PASSED [ 53%]
tests/test_signal_generator.py::TestRiskCapOverride::test_risk_cap_higher_input_clamped PASSED [ 60%]
tests/test_signal_generator.py::TestRiskCapOverride::test_risk_cap_lower_input_preserved PASSED [ 66%]
tests/test_signal_generator.py::TestConfidenceRouting::test_stock_data_confidence PASSED [ 73%]
tests/test_signal_generator.py::TestConfidenceRouting::test_context_confidence PASSED [ 80%]
tests/test_signal_generator.py::TestOutputPayload::test_required_keys PASSED [ 86%]
tests/test_signal_generator.py::TestOutputPayload::test_ticker_uppercase FAILED [ 93%]
tests/test_signal_generator.py::TestOutputPayload::test_quantitative_signals_structure PASSED [100%]

================================== FAILURES ===================================
__________________ TestUptrendSignal.test_buy_recommendation __________________

self = <tests.test_signal_generator.TestUptrendSignal object at 0x000001A02931AAE0>
sg = <src.ml.signal_generator.SignalGenerator object at 0x000001A0293763F0>

    async def test_buy_recommendation(self, sg: SignalGenerator):
        model_output = {
            "trend_probabilities": {"up": 0.65, "sideways": 0.15, "down": 0.20},
            "expected_range": MOCK_RANGE,
        }
        result = await sg.generate(
            ticker="SSI",
            current_close=35.0,
            model_output=model_output,
        )
>       assert result["fusion"]["action"] in (ACTION_BUY, "STRONG_BUY", "EXECUTE_BUY")
E       AssertionError: assert 'STANDBY' in ('BUY', 'STRONG_BUY', 'EXECUTE_BUY')

tests\test_signal_generator.py:47: AssertionError
---------------------------- Captured stdout call -----------------------------
2026-03-29 23:04:50 [info     ] database_engine_created        url=localhost:5432/algo_trading
____________________ TestUptrendSignal.test_buy_stop_loss _____________________

self = <tests.test_signal_generator.TestUptrendSignal object at 0x000001A029377AA0>
sg = <src.ml.signal_generator.SignalGenerator object at 0x000001A05BDFE5D0>

    async def test_buy_stop_loss(self, sg: SignalGenerator):
        """Stop loss should be Q10 - 1.5%."""
        model_output = {
            "trend_probabilities": {"up": 0.65, "sideways": 0.15, "down": 0.20},
            "expected_range": MOCK_RANGE,
        }
        result = await sg.generate(ticker="SSI", current_close=35.0, model_output=model_output)
        # In v5, stop loss is part of the internal action_plan used by risk engine
        # We verify that the fusion action is consistent with buying
>       assert result["fusion"]["action"] in (ACTION_BUY, "STRONG_BUY", "EXECUTE_BUY")
E       AssertionError: assert 'STANDBY' in ('BUY', 'STRONG_BUY', 'EXECUTE_BUY')

tests\test_signal_generator.py:70: AssertionError
________________ TestDowntrendSignal.test_sell_recommendation _________________

self = <tests.test_signal_generator.TestDowntrendSignal object at 0x000001A0293A0050>
sg = <src.ml.signal_generator.SignalGenerator object at 0x000001A05BFA5250>

    async def test_sell_recommendation(self, sg: SignalGenerator):
        model_output = {
            "trend_probabilities": {"up": 0.10, "sideways": 0.20, "down": 0.70},
            "expected_range": MOCK_RANGE,
        }
        result = await sg.generate(ticker="SSI", current_close=35.0, model_output=model_output)
>       assert result["fusion"]["action"] in (ACTION_SELL, "STRONG_SELL", "EXECUTE_SELL")
E       AssertionError: assert 'STANDBY' in ('SELL', 'STRONG_SELL', 'EXECUTE_SELL')

tests\test_signal_generator.py:92: AssertionError
___________________ TestOutputPayload.test_ticker_uppercase ___________________

self = <tests.test_signal_generator.TestOutputPayload object at 0x000001A029376B70>
sg = <src.ml.signal_generator.SignalGenerator object at 0x000001A05C017530>

    async def test_ticker_uppercase(self, sg: SignalGenerator):
        """Ticker should be uppercased."""
        model_output = {
            "trend_probabilities": {"up": 0.65, "sideways": 0.15, "down": 0.20},
            "expected_range": MOCK_RANGE,
        }
        result = await sg.generate(ticker="ssi", current_close=35.0, model_output=model_output)
>       assert result["ticker"] == "SSI"
E       AssertionError: assert 'ssi' == 'SSI'
E         
E         - SSI
E         + ssi

tests\test_signal_generator.py:210: AssertionError
------------------------------ Captured log call ------------------------------
ERROR    sqlalchemy.pool.impl.AsyncAdaptedQueuePool:base.py:377 Exception terminating connection <AdaptedConnection <asyncpg.connection.Connection object at 0x000001A05C01D8B0>>
Traceback (most recent call last):
  File "C:\Users\luong\AppData\Local\Programs\Python\Python312\Lib\site-packages\sqlalchemy\pool\base.py", line 373, in _close_connection
    self._dialect.do_terminate(connection)
  File "C:\Users\luong\AppData\Local\Programs\Python\Python312\Lib\site-packages\sqlalchemy\dialects\postgresql\asyncpg.py", line 1127, in do_terminate
    dbapi_connection.terminate()
  File "C:\Users\luong\AppData\Local\Programs\Python\Python312\Lib\site-packages\sqlalchemy\connectors\asyncio.py", line 402, in terminate
    self.await_(asyncio.shield(self._terminate_graceful_close()))  # type: ignore[attr-defined] # noqa: E501
    ^^^^^^^^^^^^^^^^^^^^^^^^^^^^^^^^^^^^^^^^^^^^^^^^^^^^^^^^^^^^^
  File "C:\Users\luong\AppData\Local\Programs\Python\Python312\Lib\site-packages\sqlalchemy\util\_concurrency_py3k.py", line 132, in await_only
    return current.parent.switch(awaitable)  # type: ignore[no-any-return,attr-defined] # noqa: E501
           ^^^^^^^^^^^^^^^^^^^^^^^^^^^^^^^^
  File "C:\Users\luong\AppData\Local\Programs\Python\Python312\Lib\site-packages\sqlalchemy\util\_concurrency_py3k.py", line 196, in greenlet_spawn
    value = await result
            ^^^^^^^^^^^^
  File "C:\Users\luong\AppData\Local\Programs\Python\Python312\Lib\site-packages\sqlalchemy\dialects\postgresql\asyncpg.py", line 912, in _terminate_graceful_close
    await self._connection.close(timeout=2)
  File "C:\Users\luong\AppData\Local\Programs\Python\Python312\Lib\site-packages\asyncpg\connection.py", line 1513, in close
    await self._protocol.close(timeout)
  File "asyncpg/protocol/protocol.pyx", line 617, in close
  File "asyncpg/protocol/protocol.pyx", line 650, in asyncpg.protocol.protocol.BaseProtocol._request_cancel
  File "C:\Users\luong\AppData\Local\Programs\Python\Python312\Lib\site-packages\asyncpg\connection.py", line 1682, in _cancel_current_command
    self._cancellations.add(self._loop.create_task(self._cancel(waiter)))
                            ^^^^^^^^^^^^^^^^^^^^^^^^^^^^^^^^^^^^^^^^^^^^
  File "C:\Users\luong\AppData\Local\Programs\Python\Python312\Lib\asyncio\base_events.py", line 455, in create_task
    self._check_closed()
  File "C:\Users\luong\AppData\Local\Programs\Python\Python312\Lib\asyncio\base_events.py", line 545, in _check_closed
    raise RuntimeError('Event loop is closed')
RuntimeError: Event loop is closed
============================== warnings summary ===============================
tests/test_signal_generator.py::TestRiskCapOverride::test_risk_cap_higher_input_clamped
  coroutine 'Connection._cancel' was never awaited
  Enable tracemalloc to get traceback where the object was allocated.
  See https://docs.pytest.org/en/stable/how-to/capture-warnings.html#resource-warnings for more info.

-- Docs: https://docs.pytest.org/en/stable/how-to/capture-warnings.html
=========================== short test summary info ===========================
FAILED tests/test_signal_generator.py::TestUptrendSignal::test_buy_recommendation
FAILED tests/test_signal_generator.py::TestUptrendSignal::test_buy_stop_loss
FAILED tests/test_signal_generator.py::TestDowntrendSignal::test_sell_recommendation
FAILED tests/test_signal_generator.py::TestOutputPayload::test_ticker_uppercase
=================== 4 failed, 11 passed, 1 warning in 6.36s ===================
